[0m[[0m[0mdebug[0m] [0m[0m> Exec(run, Some(11099733-43b1-4921-8dd3-9db0cd4e4e70), Some(CommandSource(console0)))[0m
[0m[[0m[0mdebug[0m] [0m[0mEvaluating tasks: Compile / run[0m
[0m[[0m[0mdebug[0m] [0m[0mRunning task... Cancel: Signal, check cycles: false, forcegc: true[0m
[0m[[0m[0minfo[0m] [0m[0mcompiling 4 Scala sources to C:\Users\User\Desktop\oop_class\finals\target\scala-2.12\classes ...[0m
[0m[[0m[31merror[0m] [0m[0mC:\Users\User\Desktop\oop_class\finals\src\main\scala\ch\makery\assignmenttracker\model\Animal.scala:17:31: no arguments allowed for nullary method makeSound: ()String[0m
[0m[[0m[31merror[0m] [0m[0m        animalToHit.makeSound("Ouch!")[0m
[0m[[0m[31merror[0m] [0m[0m                              ^[0m
[0m[[0m[33mwarn[0m] [0m[0mC:\Users\User\Desktop\oop_class\finals\src\main\scala\ch\makery\assignmenttracker\model\Cat.scala:2:42: imported `Animal' is permanently hidden by definition of class Animal in package model[0m
[0m[[0m[33mwarn[0m] [0m[0mimport ch.makery.assignmenttracker.model.Animal[0m
[0m[[0m[33mwarn[0m] [0m[0m                                         ^[0m
[0m[[0m[31merror[0m] [0m[0mC:\Users\User\Desktop\oop_class\finals\src\main\scala\ch\makery\assignmenttracker\model\Cat.scala:4:35: not enough arguments for constructor Animal: (name: String)ch.makery.assignmenttracker.model.Animal.[0m
[0m[[0m[31merror[0m] [0m[0mUnspecified value parameter name.[0m
[0m[[0m[31merror[0m] [0m[0mclass Cat (_name: String) extends Animal {[0m
[0m[[0m[31merror[0m] [0m[0m                                  ^[0m
[0m[[0m[33mwarn[0m] [0m[0mC:\Users\User\Desktop\oop_class\finals\src\main\scala\ch\makery\assignmenttracker\model\Dog.scala:2:42: imported `Animal' is permanently hidden by definition of class Animal in package model[0m
[0m[[0m[33mwarn[0m] [0m[0mimport ch.makery.assignmenttracker.model.Animal[0m
[0m[[0m[33mwarn[0m] [0m[0m                                         ^[0m
[0m[[0m[31merror[0m] [0m[0mC:\Users\User\Desktop\oop_class\finals\src\main\scala\ch\makery\assignmenttracker\model\Dog.scala:4:35: not enough arguments for constructor Animal: (name: String)ch.makery.assignmenttracker.model.Animal.[0m
[0m[[0m[31merror[0m] [0m[0mUnspecified value parameter name.[0m
[0m[[0m[31merror[0m] [0m[0mclass Dog (_name: String) extends Animal {[0m
[0m[[0m[31merror[0m] [0m[0m                                  ^[0m
[0m[[0m[33mwarn[0m] [0m[0mtwo warnings found[0m
[0m[[0m[31merror[0m] [0m[0mthree errors found[0m
[0m[[0m[31merror[0m] [0m[0m(Compile / [31mcompileIncremental[0m) Compilation failed[0m
[0m[[0m[31merror[0m] [0m[0mTotal time: 1 s, completed Jul 21, 2022 7:18:47 PM[0m
[0m[[0m[0mdebug[0m] [0m[0m> Exec(shell, None, None)[0m
